-------------------------------------------------------------------------------
Test set: com.qa.users.EmployeeEntityTest
-------------------------------------------------------------------------------
Tests run: 1, Failures: 0, Errors: 1, Skipped: 0, Time elapsed: 0.041 s <<< FAILURE! - in com.qa.users.EmployeeEntityTest
initializationError(com.qa.users.EmployeeEntityTest)  Time elapsed: 0.002 s  <<< ERROR!
java.lang.IllegalStateException: Found multiple @SpringBootConfiguration annotated classes [Generic bean: class [com.qa.GettersApi2Application]; scope=; abstract=false; lazyInit=false; autowireMode=0; dependencyCheck=0; autowireCandidate=true; primary=false; factoryBeanName=null; factoryMethodName=null; initMethodName=null; destroyMethodName=null; defined in file [/home/jenkins/rmssystem/rms_getters/target/classes/com/qa/GettersApi2Application.class], Generic bean: class [com.qa.GettersApplication]; scope=; abstract=false; lazyInit=false; autowireMode=0; dependencyCheck=0; autowireCandidate=true; primary=false; factoryBeanName=null; factoryMethodName=null; initMethodName=null; destroyMethodName=null; defined in file [/home/jenkins/rmssystem/rms_getters/target/classes/com/qa/GettersApplication.class]]

