<?xml version="1.0" encoding="UTF-8"?>
<testsuite xmlns:xsi="http://www.w3.org/2001/XMLSchema-instance" xsi:noNamespaceSchemaLocation="https://maven.apache.org/surefire/maven-surefire-plugin/xsd/surefire-test-report.xsd" name="com.qa.booking.BookingEntityTests" time="0.053" tests="1" errors="1" skipped="0" failures="0">
  <properties>
[...]
</properties>
  <testcase name="initializationError" classname="com.qa.booking.BookingEntityTests" time="0">
    <error message="Found multiple @SpringBootConfiguration annotated classes [Generic bean: class [com.qa.GettersApi2Application]; scope=; abstract=false; lazyInit=false; autowireMode=0; dependencyCheck=0; autowireCandidate=true; primary=false; factoryBeanName=null; factoryMethodName=null; initMethodName=null; destroyMethodName=null; defined in file [/home/jenkins/rmssystem/rms_getters/target/classes/com/qa/GettersApi2Application.class], Generic bean: class [com.qa.GettersApplication]; scope=; abstract=false; lazyInit=false; autowireMode=0; dependencyCheck=0; autowireCandidate=true; primary=false; factoryBeanName=null; factoryMethodName=null; initMethodName=null; destroyMethodName=null; defined in file [/home/jenkins/rmssystem/rms_getters/target/classes/com/qa/GettersApplication.class]]" type="java.lang.IllegalStateException">java.lang.IllegalStateException: Found multiple @SpringBootConfiguration annotated classes [Generic bean: class [com.qa.GettersApi2Application]; scope=; abstract=false; lazyInit=false; autowireMode=0; dependencyCheck=0; autowireCandidate=true; primary=false; factoryBeanName=null; factoryMethodName=null; initMethodName=null; destroyMethodName=null; defined in file [/home/jenkins/rmssystem/rms_getters/target/classes/com/qa/GettersApi2Application.class], Generic bean: class [com.qa.GettersApplication]; scope=; abstract=false; lazyInit=false; autowireMode=0; dependencyCheck=0; autowireCandidate=true; primary=false; factoryBeanName=null; factoryMethodName=null; initMethodName=null; destroyMethodName=null; defined in file [/home/jenkins/rmssystem/rms_getters/target/classes/com/qa/GettersApplication.class]]
</error>
    <system-out><![CDATA[15:49:16.725 [main] DEBUG org.springframework.test.context.junit4.SpringJUnit4ClassRunner - SpringJUnit4ClassRunner constructor called with [class com.qa.booking.BookingEntityTests]
15:49:16.725 [main] DEBUG org.springframework.test.context.BootstrapUtils - Instantiating CacheAwareContextLoaderDelegate from class [org.springframework.test.context.cache.DefaultCacheAwareContextLoaderDelegate]
15:49:16.729 [main] DEBUG org.springframework.test.context.BootstrapUtils - Instantiating BootstrapContext using constructor [public org.springframework.test.context.support.DefaultBootstrapContext(java.lang.Class,org.springframework.test.context.CacheAwareContextLoaderDelegate)]
15:49:16.730 [main] DEBUG org.springframework.test.context.BootstrapUtils - Instantiating TestContextBootstrapper for test class [com.qa.booking.BookingEntityTests] from class [org.springframework.boot.test.context.SpringBootTestContextBootstrapper]
15:49:16.732 [main] INFO org.springframework.boot.test.context.SpringBootTestContextBootstrapper - Neither @ContextConfiguration nor @ContextHierarchy found for test class [com.qa.booking.BookingEntityTests], using SpringBootContextLoader
15:49:16.737 [main] DEBUG org.springframework.test.context.support.AbstractContextLoader - Did not detect default resource location for test class [com.qa.booking.BookingEntityTests]: class path resource [com/qa/booking/BookingEntityTests-context.xml] does not exist
15:49:16.738 [main] DEBUG org.springframework.test.context.support.AbstractContextLoader - Did not detect default resource location for test class [com.qa.booking.BookingEntityTests]: class path resource [com/qa/booking/BookingEntityTestsContext.groovy] does not exist
15:49:16.738 [main] INFO org.springframework.test.context.support.AbstractContextLoader - Could not detect default resource locations for test class [com.qa.booking.BookingEntityTests]: no resource found for suffixes {-context.xml, Context.groovy}.
15:49:16.740 [main] INFO org.springframework.test.context.support.AnnotationConfigContextLoaderUtils - Could not detect default configuration classes for test class [com.qa.booking.BookingEntityTests]: BookingEntityTests does not declare any static, non-private, non-final, nested classes annotated with @Configuration.
15:49:16.744 [main] DEBUG org.springframework.test.context.support.ActiveProfilesUtils - Could not find an 'annotation declaring class' for annotation type [org.springframework.test.context.ActiveProfiles] and class [com.qa.booking.BookingEntityTests]
15:49:16.767 [main] DEBUG org.springframework.context.annotation.ClassPathScanningCandidateComponentProvider - Identified candidate component class: file [/home/jenkins/rmssystem/rms_getters/target/classes/com/qa/GettersApi2Application.class]
15:49:16.773 [main] DEBUG org.springframework.context.annotation.ClassPathScanningCandidateComponentProvider - Identified candidate component class: file [/home/jenkins/rmssystem/rms_getters/target/classes/com/qa/GettersApplication.class]
]]></system-out>
  </testcase>
</testsuite>